<?xml version="1.0" encoding="UTF-8"?>
<testng-results ignored="1" total="3" passed="1" failed="1" skipped="0">
  <reporter-output>
  </reporter-output>
  <suite started-at="2020-08-15T15:04:14 EDT" name="Login Page" finished-at="2020-08-15T15:04:29 EDT" duration-ms="14864">
    <groups>
    </groups>
    <test started-at="2020-08-15T15:04:14 EDT" name="Standard user test" finished-at="2020-08-15T15:04:29 EDT" duration-ms="14864">
      <class name="tests.LogInPageTest">
        <test-method is-config="true" signature="startReport(org.testng.ITestContext)[pri:0, instance:tests.LogInPageTest@10a035a0]" started-at="2020-08-15T15:04:14 EDT" name="startReport" finished-at="2020-08-15T15:04:14 EDT" duration-ms="125" status="PASS">
          <params>
            <param index="0">
              <value>
                <![CDATA[org.testng.TestRunner@77010a30]]>
              </value>
            </param>
          </params>
          <reporter-output>
          </reporter-output>
        </test-method> <!-- startReport -->
        <test-method is-config="true" signature="setUp(java.lang.reflect.Method, org.testng.ITestResult)[pri:0, instance:tests.LogInPageTest@10a035a0]" started-at="2020-08-15T15:04:14 EDT" name="setUp" finished-at="2020-08-15T15:04:18 EDT" duration-ms="3557" status="PASS">
          <params>
            <param index="0">
              <value>
                <![CDATA[public void tests.LogInPageTest.verifyLogInStandardUser()]]>
              </value>
            </param>
            <param index="1">
              <value>
                <![CDATA[[TestResult name={null} status=CREATED method=LogInPageTest.verifyLogInStandardUser()[pri:0, instance:tests.LogInPageTest@10a035a0] output={null}]]]>
              </value>
            </param>
          </params>
          <reporter-output>
          </reporter-output>
        </test-method> <!-- setUp -->
        <test-method signature="verifyLogInStandardUser()[pri:0, instance:tests.LogInPageTest@10a035a0]" started-at="2020-08-15T15:04:18 EDT" name="verifyLogInStandardUser" description="Testing standard user" finished-at="2020-08-15T15:04:21 EDT" duration-ms="3588" status="PASS">
          <reporter-output>
          </reporter-output>
        </test-method> <!-- verifyLogInStandardUser -->
        <test-method is-config="true" signature="tearDown(org.testng.ITestResult)[pri:0, instance:tests.LogInPageTest@10a035a0]" started-at="2020-08-15T15:04:21 EDT" name="tearDown" finished-at="2020-08-15T15:04:21 EDT" duration-ms="80" status="PASS">
          <params>
            <param index="0">
              <value>
                <![CDATA[[TestResult name=verifyLogInStandardUser status=SUCCESS method=LogInPageTest.verifyLogInStandardUser()[pri:0, instance:tests.LogInPageTest@10a035a0] output={null}]]]>
              </value>
            </param>
          </params>
          <reporter-output>
          </reporter-output>
        </test-method> <!-- tearDown -->
        <test-method is-config="true" signature="setUp(java.lang.reflect.Method, org.testng.ITestResult)[pri:0, instance:tests.LogInPageTest@10a035a0]" started-at="2020-08-15T15:04:21 EDT" name="setUp" finished-at="2020-08-15T15:04:25 EDT" duration-ms="4103" status="PASS">
          <params>
            <param index="0">
              <value>
                <![CDATA[public void tests.LogInPageTest.verifyLockedUser()]]>
              </value>
            </param>
            <param index="1">
              <value>
                <![CDATA[[TestResult name={null} status=CREATED method=LogInPageTest.verifyLockedUser()[pri:0, instance:tests.LogInPageTest@10a035a0] output={null}]]]>
              </value>
            </param>
          </params>
          <reporter-output>
          </reporter-output>
        </test-method> <!-- setUp -->
        <test-method signature="verifyLockedUser()[pri:0, instance:tests.LogInPageTest@10a035a0]" started-at="2020-08-15T15:04:25 EDT" name="verifyLockedUser" description="Testing Locked User role" finished-at="2020-08-15T15:04:29 EDT" duration-ms="3429" status="FAIL">
          <exception class="java.lang.AssertionError">
            <message>
              <![CDATA[expected [Epic sadface: Sorry, this user has been locked out..] but found [Epic sadface: Sorry, this user has been locked out.]]]>
            </message>
            <full-stacktrace>
              <![CDATA[java.lang.AssertionError: expected [Epic sadface: Sorry, this user has been locked out..] but found [Epic sadface: Sorry, this user has been locked out.]
at org.testng.Assert.fail(Assert.java:97)
at org.testng.Assert.assertEqualsImpl(Assert.java:136)
at org.testng.Assert.assertEquals(Assert.java:118)
at org.testng.Assert.assertEquals(Assert.java:575)
at org.testng.Assert.assertEquals(Assert.java:585)
at tests.LogInPageTest.verifyLockedUser(LogInPageTest.java:36)
at java.base/jdk.internal.reflect.NativeMethodAccessorImpl.invoke0(Native Method)
at java.base/jdk.internal.reflect.NativeMethodAccessorImpl.invoke(NativeMethodAccessorImpl.java:62)
at java.base/jdk.internal.reflect.DelegatingMethodAccessorImpl.invoke(DelegatingMethodAccessorImpl.java:43)
at java.base/java.lang.reflect.Method.invoke(Method.java:567)
at org.testng.internal.MethodInvocationHelper.invokeMethod(MethodInvocationHelper.java:134)
at org.testng.internal.TestInvoker.invokeMethod(TestInvoker.java:597)
at org.testng.internal.TestInvoker.invokeTestMethod(TestInvoker.java:173)
at org.testng.internal.MethodRunner.runInSequence(MethodRunner.java:46)
at org.testng.internal.TestInvoker$MethodInvocationAgent.invoke(TestInvoker.java:816)
at org.testng.internal.TestInvoker.invokeTestMethods(TestInvoker.java:146)
at org.testng.internal.TestMethodWorker.invokeTestMethods(TestMethodWorker.java:146)
at org.testng.internal.TestMethodWorker.run(TestMethodWorker.java:128)
at java.base/java.util.ArrayList.forEach(ArrayList.java:1540)
at org.testng.TestRunner.privateRun(TestRunner.java:766)
at org.testng.TestRunner.run(TestRunner.java:587)
at org.testng.SuiteRunner.runTest(SuiteRunner.java:384)
at org.testng.SuiteRunner.runSequentially(SuiteRunner.java:378)
at org.testng.SuiteRunner.privateRun(SuiteRunner.java:337)
at org.testng.SuiteRunner.run(SuiteRunner.java:286)
at org.testng.SuiteRunnerWorker.runSuite(SuiteRunnerWorker.java:53)
at org.testng.SuiteRunnerWorker.run(SuiteRunnerWorker.java:96)
at org.testng.TestNG.runSuitesSequentially(TestNG.java:1187)
at org.testng.TestNG.runSuitesLocally(TestNG.java:1109)
at org.testng.TestNG.runSuites(TestNG.java:1039)
at org.testng.TestNG.run(TestNG.java:1007)
at com.intellij.rt.testng.IDEARemoteTestNG.run(IDEARemoteTestNG.java:66)
at com.intellij.rt.testng.RemoteTestNGStarter.main(RemoteTestNGStarter.java:110)
]]>
            </full-stacktrace>
          </exception> <!-- java.lang.AssertionError -->
          <reporter-output>
          </reporter-output>
        </test-method> <!-- verifyLockedUser -->
        <test-method is-config="true" signature="tearDown(org.testng.ITestResult)[pri:0, instance:tests.LogInPageTest@10a035a0]" started-at="2020-08-15T15:04:29 EDT" name="tearDown" finished-at="2020-08-15T15:04:29 EDT" duration-ms="84" status="PASS">
          <params>
            <param index="0">
              <value>
                <![CDATA[[TestResult name=verifyLockedUser status=FAILURE method=LogInPageTest.verifyLockedUser()[pri:0, instance:tests.LogInPageTest@10a035a0] output={null}]]]>
              </value>
            </param>
          </params>
          <reporter-output>
          </reporter-output>
        </test-method> <!-- tearDown -->
        <test-method is-config="true" signature="closeReport()[pri:0, instance:tests.LogInPageTest@10a035a0]" started-at="2020-08-15T15:04:29 EDT" name="closeReport" finished-at="2020-08-15T15:04:29 EDT" duration-ms="205" status="PASS">
          <reporter-output>
          </reporter-output>
        </test-method> <!-- closeReport -->
      </class> <!-- tests.LogInPageTest -->
    </test> <!-- Standard user test -->
  </suite> <!-- Login Page -->
</testng-results>
